[12Jan2025 00:00:56.242] [Server thread/INFO] [net.minecraft.server.dedicated.DedicatedServer/]: EddyChael has made the advancement [...And My Axe!]
[12Jan2025 00:02:23.187] [Server thread/INFO] [net.minecraft.server.dedicated.DedicatedServer/]: GhostSaintRD is bleeding. GhostSaintRD was burnt to a crisp whilst fighting EddyChael
[12Jan2025 00:07:59.784] [Server thread/INFO] [net.minecraft.server.dedicated.DedicatedServer/]: GhostSaintRD has made the advancement [When in Rome]
[12Jan2025 00:10:45.512] [Server thread/WARN] [net.minecraft.server.level.ServerPlayerGameMode/]: Mismatch in destroy block pos: BlockPos{x=1351, y=70, z=-64} BlockPos{x=1351, y=69, z=-65}
[12Jan2025 00:11:23.016] [Server thread/INFO] [net.minecraft.server.dedicated.DedicatedServer/]: EddyChael has made the advancement [Blade of the Samurai]
[12Jan2025 00:24:52.762] [Server thread/INFO] [net.minecraftforge.common.AdvancementLoadFix/]: Using new advancement loading for net.minecraft.server.PlayerAdvancements@706fa256
[12Jan2025 00:24:52.769] [Server thread/INFO] [net.minecraft.server.players.PlayerList/]: elblak004[/127.172.198.179:43061] logged in with entity id 178434 at (-263.6431457934027, 0.0, -1251.6153361702127)
[12Jan2025 00:24:52.774] [Server thread/INFO] [net.minecraft.server.dedicated.DedicatedServer/]: elblak004 joined the game
[12Jan2025 00:24:52.783] [Server thread/INFO] [Waila/]: Syncing config to elblak004 (da7e6bf5-470f-34dd-bbf8-4cf974ec5f1a)
[12Jan2025 00:24:52.784] [Server thread/INFO] [me.edoren.skin_changer.server.SkinProviderController/]: Player elblak004 just logged in with id da7e6bf5-470f-34dd-bbf8-4cf974ec5f1a
[12Jan2025 00:24:52.786] [ForkJoinPool-5-worker-6/INFO] [me.edoren.skin_changer.server.SkinProviderController/]: Loading local skin for player elblak004[da7e6bf5-470f-34dd-bbf8-4cf974ec5f1a]
[12Jan2025 00:24:52.786] [ForkJoinPool-5-worker-6/INFO] [me.edoren.skin_changer.server.SkinProviderController/]: Loading local cape for player elblak004[da7e6bf5-470f-34dd-bbf8-4cf974ec5f1a]
[12Jan2025 00:24:53.402] [Server thread/INFO] [voicechat/]: [voicechat] Received secret request of elblak004 (18)
[12Jan2025 00:24:53.402] [Server thread/INFO] [voicechat/]: [voicechat] Sent secret to elblak004
[12Jan2025 00:24:55.371] [VoiceChatPacketProcessingThread/INFO] [voicechat/]: [voicechat] Successfully authenticated player da7e6bf5-470f-34dd-bbf8-4cf974ec5f1a
[12Jan2025 00:24:56.372] [VoiceChatPacketProcessingThread/INFO] [voicechat/]: [voicechat] Successfully validated connection of player da7e6bf5-470f-34dd-bbf8-4cf974ec5f1a
[12Jan2025 00:24:56.372] [VoiceChatPacketProcessingThread/INFO] [voicechat/]: [voicechat] Player elblak004 (da7e6bf5-470f-34dd-bbf8-4cf974ec5f1a) successfully connected to voice chat
[12Jan2025 00:39:14.653] [Server thread/INFO] [net.minecraftforge.common.AdvancementLoadFix/]: Using new advancement loading for net.minecraft.server.PlayerAdvancements@4124fe1b
[12Jan2025 00:39:14.659] [Server thread/INFO] [net.minecraft.server.players.PlayerList/]: Garetexe[/127.96.160.164:41381] logged in with entity id 188979 at (1229.898193979711, 74.04543899915967, 49.378805041313164)
[12Jan2025 00:39:14.664] [Server thread/INFO] [net.minecraft.server.dedicated.DedicatedServer/]: Garetexe joined the game
[12Jan2025 00:39:14.708] [Server thread/INFO] [Waila/]: Syncing config to Garetexe (e6153624-6ec9-3768-bf1f-51eb9dc95640)
[12Jan2025 00:39:14.709] [Server thread/INFO] [me.edoren.skin_changer.server.SkinProviderController/]: Player Garetexe just logged in with id e6153624-6ec9-3768-bf1f-51eb9dc95640
[12Jan2025 00:39:14.709] [ForkJoinPool-5-worker-7/INFO] [me.edoren.skin_changer.server.SkinProviderController/]: Loading local skin for player Garetexe[e6153624-6ec9-3768-bf1f-51eb9dc95640]
[12Jan2025 00:39:14.710] [ForkJoinPool-5-worker-7/INFO] [me.edoren.skin_changer.server.SkinProviderController/]: Loading local cape for player Garetexe[e6153624-6ec9-3768-bf1f-51eb9dc95640]
[12Jan2025 00:39:14.916] [Server thread/INFO] [voicechat/]: [voicechat] Received secret request of Garetexe (18)
[12Jan2025 00:39:14.916] [Server thread/INFO] [voicechat/]: [voicechat] Sent secret to Garetexe
[12Jan2025 00:39:16.391] [VoiceChatPacketProcessingThread/INFO] [voicechat/]: [voicechat] Successfully authenticated player e6153624-6ec9-3768-bf1f-51eb9dc95640
[12Jan2025 00:39:17.393] [VoiceChatPacketProcessingThread/INFO] [voicechat/]: [voicechat] Successfully validated connection of player e6153624-6ec9-3768-bf1f-51eb9dc95640
[12Jan2025 00:39:17.393] [VoiceChatPacketProcessingThread/INFO] [voicechat/]: [voicechat] Player Garetexe (e6153624-6ec9-3768-bf1f-51eb9dc95640) successfully connected to voice chat
[12Jan2025 00:40:05.196] [Server thread/INFO] [net.minecraft.server.network.ServerGamePacketListenerImpl/]: EddyChael lost connection: Disconnected
[12Jan2025 00:40:05.196] [Server thread/INFO] [net.minecraft.server.dedicated.DedicatedServer/]: EddyChael left the game
[12Jan2025 00:40:05.197] [Server thread/INFO] [voicechat/]: [voicechat] Disconnecting client EddyChael
[12Jan2025 00:40:12.981] [VoiceChatPacketProcessingThread/INFO] [voicechat/]: [voicechat] Player e6153624-6ec9-3768-bf1f-51eb9dc95640 timed out
[12Jan2025 00:40:12.981] [VoiceChatPacketProcessingThread/INFO] [voicechat/]: [voicechat] Reconnecting player Garetexe
[12Jan2025 00:40:12.982] [VoiceChatPacketProcessingThread/INFO] [voicechat/]: [voicechat] Sent secret to Garetexe
[12Jan2025 00:40:29.896] [Server thread/INFO] [net.minecraft.server.network.ServerGamePacketListenerImpl/]: Garetexe lost connection: Timed out
[12Jan2025 00:40:29.896] [Server thread/INFO] [net.minecraft.server.dedicated.DedicatedServer/]: Garetexe left the game
[12Jan2025 00:40:29.897] [Server thread/INFO] [voicechat/]: [voicechat] Disconnecting client Garetexe
[12Jan2025 00:40:29.897] [Server thread/INFO] [me.edoren.skin_changer.server.SkinProviderController/]: Removing session data for player Garetexe[e6153624-6ec9-3768-bf1f-51eb9dc95640]
[12Jan2025 00:40:37.457] [Server thread/INFO] [net.minecraft.server.network.ServerLoginPacketListenerImpl/]: com.mojang.authlib.GameProfile@6e4d338f[id=<null>,name=Garetexe,properties={},legacy=false] (/127.96.160.164:55189) lost connection: Disconnected
[12Jan2025 00:40:40.345] [Server thread/INFO] [net.minecraft.server.network.ServerGamePacketListenerImpl/]: elblak004 lost connection: Disconnected
[12Jan2025 00:40:40.345] [Server thread/INFO] [net.minecraft.server.dedicated.DedicatedServer/]: elblak004 left the game
[12Jan2025 00:40:40.346] [Server thread/INFO] [voicechat/]: [voicechat] Disconnecting client elblak004
[12Jan2025 00:40:40.346] [Server thread/INFO] [me.edoren.skin_changer.server.SkinProviderController/]: Removing session data for player elblak004[da7e6bf5-470f-34dd-bbf8-4cf974ec5f1a]
[12Jan2025 00:40:52.255] [Server thread/INFO] [net.minecraft.server.dedicated.DedicatedServer/]: Stopping the server
[12Jan2025 00:40:52.292] [Server thread/INFO] [mtr.libraries.org.eclipse.jetty.server.AbstractConnector/]: Stopped ServerConnector@20b118d0{HTTP/1.1, (http/1.1)}{0.0.0.0:8888}
[12Jan2025 00:40:52.297] [Server thread/INFO] [mtr.libraries.org.eclipse.jetty.server.handler.ContextHandler/]: Stopped m.l.o.e.j.s.ServletContextHandler@3d8f405b{/,union:/workspaces/servidor-de-pepe/servidor_minecraft/mods/MTR-forge-1.18.2-3.2.2-hotfix-1.jar%2389!/assets/mtr/website,STOPPED}
[12Jan2025 00:40:52.308] [Server thread/INFO] [net.minecraft.server.MinecraftServer/]: Stopping server
[12Jan2025 00:40:52.309] [Server thread/INFO] [net.minecraft.server.MinecraftServer/]: Saving players
[12Jan2025 00:40:52.315] [Server thread/INFO] [net.minecraft.server.MinecraftServer/]: Saving worlds
[12Jan2025 00:40:52.365] [Server thread/INFO] [net.minecraft.server.MinecraftServer/]: Saving chunks for level 'ServerLevel[world]'/minecraft:overworld
[12Jan2025 00:40:52.524] [Server thread/INFO] [net.minecraft.server.MinecraftServer/]: Saving chunks for level 'ServerLevel[world]'/minecraft:the_end
[12Jan2025 00:40:52.525] [Server thread/INFO] [net.minecraft.server.MinecraftServer/]: Saving chunks for level 'ServerLevel[world]'/minecraft:the_nether
[12Jan2025 00:40:52.547] [Server thread/INFO] [net.minecraft.server.MinecraftServer/]: ThreadedAnvilChunkStorage (world): All chunks are saved
[12Jan2025 00:40:52.547] [Server thread/INFO] [net.minecraft.server.MinecraftServer/]: ThreadedAnvilChunkStorage (DIM1): All chunks are saved
[12Jan2025 00:40:52.547] [Server thread/INFO] [net.minecraft.server.MinecraftServer/]: ThreadedAnvilChunkStorage (DIM-1): All chunks are saved
[12Jan2025 00:40:52.547] [Server thread/INFO] [net.minecraft.server.MinecraftServer/]: ThreadedAnvilChunkStorage: All dimensions are saved
